<?xml version="1.0" encoding="UTF-8"?>
<testng-results skipped="0" failed="0" ignored="0" total="1" passed="1">
  <reporter-output>
  </reporter-output>
  <suite name="Default suite" duration-ms="51" started-at="2017-09-03T06:04:55Z" finished-at="2017-09-03T06:04:55Z">
    <groups>
    </groups>
    <test name="Default test" duration-ms="51" started-at="2017-09-03T06:04:55Z" finished-at="2017-09-03T06:04:55Z">
      <class name="com.sqa.td.BugTest">
        <test-method status="PASS" signature="testBug()[pri:0, instance:com.sqa.td.BugTest@29ee9faa]" name="testBug" duration-ms="18" started-at="2017-09-02T23:04:55Z" finished-at="2017-09-02T23:04:55Z">
          <reporter-output>
          </reporter-output>
        </test-method> <!-- testBug -->
      </class> <!-- com.sqa.td.BugTest -->
    </test> <!-- Default test -->
  </suite> <!-- Default suite -->
</testng-results>
